{
  "stats": {
    "suites": 13,
    "tests": 21,
    "passes": 21,
    "pending": 0,
    "failures": 0,
    "start": "2025-10-21T19:17:59.107Z",
    "end": "2025-10-21T19:18:03.778Z",
    "duration": 4671,
    "testsRegistered": 21,
    "passPercent": 100,
    "pendingPercent": 0,
    "other": 0,
    "hasOther": false,
    "skipped": 0,
    "hasSkipped": false
  },
  "results": [
    {
      "uuid": "08c34c97-de6e-4900-93d9-249b0d206aac",
      "title": "",
      "fullFile": "/home/laurantine/Documents/development/End of year project /RootedLane/Back-end/backend/test/api.test.js",
      "file": "/test/api.test.js",
      "beforeHooks": [],
      "afterHooks": [],
      "tests": [],
      "suites": [
        {
          "uuid": "e75a56fa-81ff-455c-89d6-38c416c75719",
          "title": "API Tests (using global fetch)",
          "fullFile": "/home/laurantine/Documents/development/End of year project /RootedLane/Back-end/backend/test/api.test.js",
          "file": "/test/api.test.js",
          "beforeHooks": [],
          "afterHooks": [],
          "tests": [],
          "suites": [
            {
              "uuid": "c1cf3f31-c0c7-4763-9e5f-5372f67bc72d",
              "title": "Database Tests",
              "fullFile": "/home/laurantine/Documents/development/End of year project /RootedLane/Back-end/backend/test/api.test.js",
              "file": "/test/api.test.js",
              "beforeHooks": [],
              "afterHooks": [],
              "tests": [
                {
                  "title": "GET /test-db should return success",
                  "fullTitle": "API Tests (using global fetch) Database Tests GET /test-db should return success",
                  "timedOut": false,
                  "duration": 1036,
                  "state": "passed",
                  "speed": "slow",
                  "pass": true,
                  "fail": false,
                  "pending": false,
                  "context": null,
                  "code": "const res = await fetch(`${BASE_URL}/test-db`);\nexpect(res.status).to.equal(200);\nconst body = await res.json();\nexpect(body).to.be.an('object');\nexpect(body).to.have.property('success', true);",
                  "err": {},
                  "uuid": "9bcbdd45-1cb3-455d-b445-6c6ceb5eaadf",
                  "parentUUID": "c1cf3f31-c0c7-4763-9e5f-5372f67bc72d",
                  "isHook": false,
                  "skipped": false
                }
              ],
              "suites": [],
              "passes": [
                "9bcbdd45-1cb3-455d-b445-6c6ceb5eaadf"
              ],
              "failures": [],
              "pending": [],
              "skipped": [],
              "duration": 1036,
              "root": false,
              "rootEmpty": false,
              "_timeout": 2000
            },
            {
              "uuid": "5e21db4d-3e7e-4b0e-819e-30ee20b4762c",
              "title": "User Management",
              "fullFile": "/home/laurantine/Documents/development/End of year project /RootedLane/Back-end/backend/test/api.test.js",
              "file": "/test/api.test.js",
              "beforeHooks": [],
              "afterHooks": [],
              "tests": [
                {
                  "title": "POST /user should create a new user",
                  "fullTitle": "API Tests (using global fetch) User Management POST /user should create a new user",
                  "timedOut": false,
                  "duration": 953,
                  "state": "passed",
                  "speed": "slow",
                  "pass": true,
                  "fail": false,
                  "pending": false,
                  "context": null,
                  "code": "const userData = {\n  name: 'John Doe',\n  email: generateUniqueEmail()\n};\nconst res = await fetch(`${BASE_URL}/user`, {\n  method: 'POST',\n  headers: { 'Content-Type': 'application/json' },\n  body: JSON.stringify(userData),\n});\n\nexpect(res.status).to.equal(201);\nconst body = await res.json();\nexpect(body).to.be.an('object');\nexpect(body).to.have.property('_id');\nexpect(body).to.have.property('name', userData.name);\nexpect(body).to.have.property('email', userData.email);\n\ntestUserId = body._id;",
                  "err": {},
                  "uuid": "f7b0efae-7657-4b7e-864b-cc45c762f88a",
                  "parentUUID": "5e21db4d-3e7e-4b0e-819e-30ee20b4762c",
                  "isHook": false,
                  "skipped": false
                },
                {
                  "title": "POST /users/signup should create a new user with password",
                  "fullTitle": "API Tests (using global fetch) User Management POST /users/signup should create a new user with password",
                  "timedOut": false,
                  "duration": 599,
                  "state": "passed",
                  "speed": "slow",
                  "pass": true,
                  "fail": false,
                  "pending": false,
                  "context": null,
                  "code": "const userData = {\n  username: generateUniqueUsername(),\n  email: generateUniqueEmail(),\n  password: 'testpassword123'\n};\nconst res = await fetch(`${BASE_URL}/users/signup`, {\n  method: 'POST',\n  headers: { 'Content-Type': 'application/json' },\n  body: JSON.stringify(userData),\n});\n\nexpect(res.status).to.equal(201);\nconst body = await res.json();\nexpect(body).to.be.an('object');\nexpect(body).to.have.property('message', 'User created successfully');\nexpect(body).to.have.property('userId');",
                  "err": {},
                  "uuid": "2a766997-c633-4f6c-a005-cef0c9b2b13d",
                  "parentUUID": "5e21db4d-3e7e-4b0e-819e-30ee20b4762c",
                  "isHook": false,
                  "skipped": false
                },
                {
                  "title": "POST /users/login should authenticate user",
                  "fullTitle": "API Tests (using global fetch) User Management POST /users/login should authenticate user",
                  "timedOut": false,
                  "duration": 1282,
                  "state": "passed",
                  "speed": "slow",
                  "pass": true,
                  "fail": false,
                  "pending": false,
                  "context": null,
                  "code": "// First create a user to login with\nconst userData = {\n  username: 'loginuser',\n  email: 'login-test@example.com',\n  password: 'loginpassword123'\n};\n// Sign up\nawait fetch(`${BASE_URL}/users/signup`, {\n  method: 'POST',\n  headers: { 'Content-Type': 'application/json' },\n  body: JSON.stringify(userData),\n});\n// Then try to login\nconst res = await fetch(`${BASE_URL}/users/login`, {\n  method: 'POST',\n  headers: { 'Content-Type': 'application/json' },\n  body: JSON.stringify({\n    email: userData.email,\n    password: userData.password\n  }),\n});\n\n// This might return 501 if running in fallback mode without DB\nif (res.status === 200) {\n  const body = await res.json();\n  expect(body).to.be.an('object');\n  expect(body).to.have.property('success', true);\n  expect(body).to.have.property('user');\n} else {\n  console.log('Login test skipped - running in fallback mode');\n}",
                  "err": {},
                  "uuid": "84849fb5-b020-4529-9c8a-dfa850a0f693",
                  "parentUUID": "5e21db4d-3e7e-4b0e-819e-30ee20b4762c",
                  "isHook": false,
                  "skipped": false
                }
              ],
              "suites": [],
              "passes": [
                "f7b0efae-7657-4b7e-864b-cc45c762f88a",
                "2a766997-c633-4f6c-a005-cef0c9b2b13d",
                "84849fb5-b020-4529-9c8a-dfa850a0f693"
              ],
              "failures": [],
              "pending": [],
              "skipped": [],
              "duration": 2834,
              "root": false,
              "rootEmpty": false,
              "_timeout": 2000
            },
            {
              "uuid": "b0336bc7-b592-4f23-84c1-142ffdaa11ad",
              "title": "Mock Data Endpoints",
              "fullFile": "/home/laurantine/Documents/development/End of year project /RootedLane/Back-end/backend/test/api.test.js",
              "file": "/test/api.test.js",
              "beforeHooks": [],
              "afterHooks": [],
              "tests": [],
              "suites": [
                {
                  "uuid": "321f6bf4-e3db-45d7-a0be-4ac508bdcecc",
                  "title": "Products",
                  "fullFile": "/home/laurantine/Documents/development/End of year project /RootedLane/Back-end/backend/test/api.test.js",
                  "file": "/test/api.test.js",
                  "beforeHooks": [],
                  "afterHooks": [],
                  "tests": [
                    {
                      "title": "GET /mock/products should return empty array initially",
                      "fullTitle": "API Tests (using global fetch) Mock Data Endpoints Products GET /mock/products should return empty array initially",
                      "timedOut": false,
                      "duration": 4,
                      "state": "passed",
                      "speed": "fast",
                      "pass": true,
                      "fail": false,
                      "pending": false,
                      "context": null,
                      "code": "const res = await fetch(`${BASE_URL}/mock/products`);\nexpect(res.status).to.equal(200);\nconst body = await res.json();\nexpect(body).to.be.an('array');",
                      "err": {},
                      "uuid": "f0ab8552-9195-4f7b-93b9-25f6fa76ec29",
                      "parentUUID": "321f6bf4-e3db-45d7-a0be-4ac508bdcecc",
                      "isHook": false,
                      "skipped": false
                    },
                    {
                      "title": "POST /mock/products should create a product",
                      "fullTitle": "API Tests (using global fetch) Mock Data Endpoints Products POST /mock/products should create a product",
                      "timedOut": false,
                      "duration": 6,
                      "state": "passed",
                      "speed": "fast",
                      "pass": true,
                      "fail": false,
                      "pending": false,
                      "context": null,
                      "code": "const productData = {\n  name: 'Test Product',\n  price: 29.99,\n  description: 'Test description',\n  category: 'electronics'\n};\nconst res = await fetch(`${BASE_URL}/mock/products`, {\n  method: 'POST',\n  headers: { 'Content-Type': 'application/json' },\n  body: JSON.stringify(productData),\n});\n\nexpect(res.status).to.equal(201);\nconst body = await res.json();\nexpect(body).to.be.an('object');\nexpect(body).to.have.property('id');\nexpect(body).to.have.property('name', productData.name);\nexpect(body).to.have.property('price', productData.price);\n\ntestProductId = body.id;",
                      "err": {},
                      "uuid": "185d3c5e-9e36-43d1-b7e2-48e48527697e",
                      "parentUUID": "321f6bf4-e3db-45d7-a0be-4ac508bdcecc",
                      "isHook": false,
                      "skipped": false
                    },
                    {
                      "title": "GET /mock/products/:id should return the created product",
                      "fullTitle": "API Tests (using global fetch) Mock Data Endpoints Products GET /mock/products/:id should return the created product",
                      "timedOut": false,
                      "duration": 4,
                      "state": "passed",
                      "speed": "fast",
                      "pass": true,
                      "fail": false,
                      "pending": false,
                      "context": null,
                      "code": "const res = await fetch(`${BASE_URL}/mock/products/${testProductId}`);\nexpect(res.status).to.equal(200);\nconst body = await res.json();\nexpect(body).to.be.an('object');\nexpect(body).to.have.property('id', testProductId);",
                      "err": {},
                      "uuid": "323eca78-271c-4163-99bc-aaa5c473b388",
                      "parentUUID": "321f6bf4-e3db-45d7-a0be-4ac508bdcecc",
                      "isHook": false,
                      "skipped": false
                    },
                    {
                      "title": "PUT /mock/products/:id should update the product",
                      "fullTitle": "API Tests (using global fetch) Mock Data Endpoints Products PUT /mock/products/:id should update the product",
                      "timedOut": false,
                      "duration": 7,
                      "state": "passed",
                      "speed": "fast",
                      "pass": true,
                      "fail": false,
                      "pending": false,
                      "context": null,
                      "code": "const updateData = {\n  price: 39.99,\n  description: 'Updated description'\n};\nconst res = await fetch(`${BASE_URL}/mock/products/${testProductId}`, {\n  method: 'PUT',\n  headers: { 'Content-Type': 'application/json' },\n  body: JSON.stringify(updateData),\n});\n\nexpect(res.status).to.equal(200);\nconst body = await res.json();\nexpect(body).to.have.property('price', 39.99);\nexpect(body).to.have.property('description', 'Updated description');",
                      "err": {},
                      "uuid": "25531b0d-48e0-436c-93ea-08bc13e48d18",
                      "parentUUID": "321f6bf4-e3db-45d7-a0be-4ac508bdcecc",
                      "isHook": false,
                      "skipped": false
                    },
                    {
                      "title": "DELETE /mock/products/:id should delete the product",
                      "fullTitle": "API Tests (using global fetch) Mock Data Endpoints Products DELETE /mock/products/:id should delete the product",
                      "timedOut": false,
                      "duration": 3,
                      "state": "passed",
                      "speed": "fast",
                      "pass": true,
                      "fail": false,
                      "pending": false,
                      "context": null,
                      "code": "const res = await fetch(`${BASE_URL}/mock/products/${testProductId}`, {\n  method: 'DELETE'\n});\nexpect(res.status).to.equal(204);",
                      "err": {},
                      "uuid": "88049e84-9df3-4102-a1d3-9260003468ff",
                      "parentUUID": "321f6bf4-e3db-45d7-a0be-4ac508bdcecc",
                      "isHook": false,
                      "skipped": false
                    }
                  ],
                  "suites": [],
                  "passes": [
                    "f0ab8552-9195-4f7b-93b9-25f6fa76ec29",
                    "185d3c5e-9e36-43d1-b7e2-48e48527697e",
                    "323eca78-271c-4163-99bc-aaa5c473b388",
                    "25531b0d-48e0-436c-93ea-08bc13e48d18",
                    "88049e84-9df3-4102-a1d3-9260003468ff"
                  ],
                  "failures": [],
                  "pending": [],
                  "skipped": [],
                  "duration": 24,
                  "root": false,
                  "rootEmpty": false,
                  "_timeout": 2000
                },
                {
                  "uuid": "ee813039-2e25-4331-b765-9185a6042dfa",
                  "title": "Wishlist",
                  "fullFile": "/home/laurantine/Documents/development/End of year project /RootedLane/Back-end/backend/test/api.test.js",
                  "file": "/test/api.test.js",
                  "beforeHooks": [],
                  "afterHooks": [],
                  "tests": [
                    {
                      "title": "POST /mock/wishlist should add item to wishlist",
                      "fullTitle": "API Tests (using global fetch) Mock Data Endpoints Wishlist POST /mock/wishlist should add item to wishlist",
                      "timedOut": false,
                      "duration": 7,
                      "state": "passed",
                      "speed": "fast",
                      "pass": true,
                      "fail": false,
                      "pending": false,
                      "context": null,
                      "code": "const wishlistItem = {\n  productId: 'prod123',\n  productName: 'Wishlist Product',\n  userId: 'user123'\n};\nconst res = await fetch(`${BASE_URL}/mock/wishlist`, {\n  method: 'POST',\n  headers: { 'Content-Type': 'application/json' },\n  body: JSON.stringify(wishlistItem),\n});\n\nexpect(res.status).to.equal(201);\nconst body = await res.json();\nexpect(body).to.have.property('id');\nexpect(body).to.have.property('productName', wishlistItem.productName);",
                      "err": {},
                      "uuid": "dc435de9-c6f0-4cc9-ab54-d946b750c76f",
                      "parentUUID": "ee813039-2e25-4331-b765-9185a6042dfa",
                      "isHook": false,
                      "skipped": false
                    },
                    {
                      "title": "GET /mock/wishlist should return wishlist items",
                      "fullTitle": "API Tests (using global fetch) Mock Data Endpoints Wishlist GET /mock/wishlist should return wishlist items",
                      "timedOut": false,
                      "duration": 5,
                      "state": "passed",
                      "speed": "fast",
                      "pass": true,
                      "fail": false,
                      "pending": false,
                      "context": null,
                      "code": "const res = await fetch(`${BASE_URL}/mock/wishlist`);\nexpect(res.status).to.equal(200);\nconst body = await res.json();\nexpect(body).to.be.an('array');",
                      "err": {},
                      "uuid": "ee015241-f5a7-40d3-af9c-64f7cc155d32",
                      "parentUUID": "ee813039-2e25-4331-b765-9185a6042dfa",
                      "isHook": false,
                      "skipped": false
                    }
                  ],
                  "suites": [],
                  "passes": [
                    "dc435de9-c6f0-4cc9-ab54-d946b750c76f",
                    "ee015241-f5a7-40d3-af9c-64f7cc155d32"
                  ],
                  "failures": [],
                  "pending": [],
                  "skipped": [],
                  "duration": 12,
                  "root": false,
                  "rootEmpty": false,
                  "_timeout": 2000
                },
                {
                  "uuid": "dc237b5d-974b-467f-b7ca-84ac94a62020",
                  "title": "Cart",
                  "fullFile": "/home/laurantine/Documents/development/End of year project /RootedLane/Back-end/backend/test/api.test.js",
                  "file": "/test/api.test.js",
                  "beforeHooks": [],
                  "afterHooks": [],
                  "tests": [
                    {
                      "title": "POST /mock/cart should add item to cart",
                      "fullTitle": "API Tests (using global fetch) Mock Data Endpoints Cart POST /mock/cart should add item to cart",
                      "timedOut": false,
                      "duration": 5,
                      "state": "passed",
                      "speed": "fast",
                      "pass": true,
                      "fail": false,
                      "pending": false,
                      "context": null,
                      "code": "const cartItem = {\n  productId: 'cart123',\n  productName: 'Cart Product',\n  quantity: 2,\n  price: 19.99,\n  userId: 'user123'\n};\nconst res = await fetch(`${BASE_URL}/mock/cart`, {\n  method: 'POST',\n  headers: { 'Content-Type': 'application/json' },\n  body: JSON.stringify(cartItem),\n});\n\nexpect(res.status).to.equal(201);\nconst body = await res.json();\nexpect(body).to.have.property('id');\nexpect(body).to.have.property('quantity', 2);",
                      "err": {},
                      "uuid": "8e62e8a3-4edc-49d2-be7e-587c64547114",
                      "parentUUID": "dc237b5d-974b-467f-b7ca-84ac94a62020",
                      "isHook": false,
                      "skipped": false
                    }
                  ],
                  "suites": [],
                  "passes": [
                    "8e62e8a3-4edc-49d2-be7e-587c64547114"
                  ],
                  "failures": [],
                  "pending": [],
                  "skipped": [],
                  "duration": 5,
                  "root": false,
                  "rootEmpty": false,
                  "_timeout": 2000
                },
                {
                  "uuid": "3eaf2d9b-527f-47cc-a69b-1ccd3cce182d",
                  "title": "Orders",
                  "fullFile": "/home/laurantine/Documents/development/End of year project /RootedLane/Back-end/backend/test/api.test.js",
                  "file": "/test/api.test.js",
                  "beforeHooks": [],
                  "afterHooks": [],
                  "tests": [
                    {
                      "title": "POST /mock/orders should create an order",
                      "fullTitle": "API Tests (using global fetch) Mock Data Endpoints Orders POST /mock/orders should create an order",
                      "timedOut": false,
                      "duration": 6,
                      "state": "passed",
                      "speed": "fast",
                      "pass": true,
                      "fail": false,
                      "pending": false,
                      "context": null,
                      "code": "const orderData = {\n  userId: 'user123',\n  products: [\n    { productId: 'prod1', name: 'Product 1', quantity: 1, price: 29.99 }\n  ],\n  total: 29.99,\n  status: 'pending'\n};\nconst res = await fetch(`${BASE_URL}/mock/orders`, {\n  method: 'POST',\n  headers: { 'Content-Type': 'application/json' },\n  body: JSON.stringify(orderData),\n});\n\nexpect(res.status).to.equal(201);\nconst body = await res.json();\nexpect(body).to.have.property('id');\nexpect(body).to.have.property('total', 29.99);\nexpect(body).to.have.property('status', 'pending');\n\ntestOrderId = body.id;",
                      "err": {},
                      "uuid": "8b3d99fe-b8fb-48cb-a136-2f1cadeddee2",
                      "parentUUID": "3eaf2d9b-527f-47cc-a69b-1ccd3cce182d",
                      "isHook": false,
                      "skipped": false
                    },
                    {
                      "title": "GET /mock/orders should return all orders",
                      "fullTitle": "API Tests (using global fetch) Mock Data Endpoints Orders GET /mock/orders should return all orders",
                      "timedOut": false,
                      "duration": 3,
                      "state": "passed",
                      "speed": "fast",
                      "pass": true,
                      "fail": false,
                      "pending": false,
                      "context": null,
                      "code": "const res = await fetch(`${BASE_URL}/mock/orders`);\nexpect(res.status).to.equal(200);\nconst body = await res.json();\nexpect(body).to.be.an('array');",
                      "err": {},
                      "uuid": "795b207d-9d75-4166-875e-c88259c7a3af",
                      "parentUUID": "3eaf2d9b-527f-47cc-a69b-1ccd3cce182d",
                      "isHook": false,
                      "skipped": false
                    }
                  ],
                  "suites": [],
                  "passes": [
                    "8b3d99fe-b8fb-48cb-a136-2f1cadeddee2",
                    "795b207d-9d75-4166-875e-c88259c7a3af"
                  ],
                  "failures": [],
                  "pending": [],
                  "skipped": [],
                  "duration": 9,
                  "root": false,
                  "rootEmpty": false,
                  "_timeout": 2000
                },
                {
                  "uuid": "7033e0e1-3057-45bb-8801-0d89c430ba5d",
                  "title": "Reviews",
                  "fullFile": "/home/laurantine/Documents/development/End of year project /RootedLane/Back-end/backend/test/api.test.js",
                  "file": "/test/api.test.js",
                  "beforeHooks": [],
                  "afterHooks": [],
                  "tests": [
                    {
                      "title": "POST /mock/reviews should create a review",
                      "fullTitle": "API Tests (using global fetch) Mock Data Endpoints Reviews POST /mock/reviews should create a review",
                      "timedOut": false,
                      "duration": 7,
                      "state": "passed",
                      "speed": "fast",
                      "pass": true,
                      "fail": false,
                      "pending": false,
                      "context": null,
                      "code": "const reviewData = {\n  productId: 'prod123',\n  userId: 'user123',\n  rating: 5,\n  comment: 'Great product!',\n  userName: 'Test User'\n};\nconst res = await fetch(`${BASE_URL}/mock/reviews`, {\n  method: 'POST',\n  headers: { 'Content-Type': 'application/json' },\n  body: JSON.stringify(reviewData),\n});\n\nexpect(res.status).to.equal(201);\nconst body = await res.json();\nexpect(body).to.have.property('id');\nexpect(body).to.have.property('rating', 5);\nexpect(body).to.have.property('comment', 'Great product!');",
                      "err": {},
                      "uuid": "097cb08e-c69b-46d8-a12f-376da5137846",
                      "parentUUID": "7033e0e1-3057-45bb-8801-0d89c430ba5d",
                      "isHook": false,
                      "skipped": false
                    }
                  ],
                  "suites": [],
                  "passes": [
                    "097cb08e-c69b-46d8-a12f-376da5137846"
                  ],
                  "failures": [],
                  "pending": [],
                  "skipped": [],
                  "duration": 7,
                  "root": false,
                  "rootEmpty": false,
                  "_timeout": 2000
                },
                {
                  "uuid": "1fabc5d2-f3de-447d-8897-d6db9ba25704",
                  "title": "Payments",
                  "fullFile": "/home/laurantine/Documents/development/End of year project /RootedLane/Back-end/backend/test/api.test.js",
                  "file": "/test/api.test.js",
                  "beforeHooks": [],
                  "afterHooks": [],
                  "tests": [
                    {
                      "title": "POST /mock/payments should process payment",
                      "fullTitle": "API Tests (using global fetch) Mock Data Endpoints Payments POST /mock/payments should process payment",
                      "timedOut": false,
                      "duration": 7,
                      "state": "passed",
                      "speed": "fast",
                      "pass": true,
                      "fail": false,
                      "pending": false,
                      "context": null,
                      "code": "const paymentData = {\n  orderId: testOrderId,\n  amount: 29.99,\n  method: 'credit_card',\n  status: 'completed'\n};\nconst res = await fetch(`${BASE_URL}/mock/payments`, {\n  method: 'POST',\n  headers: { 'Content-Type': 'application/json' },\n  body: JSON.stringify(paymentData),\n});\n\nexpect(res.status).to.equal(201);\nconst body = await res.json();\nexpect(body).to.have.property('id');\nexpect(body).to.have.property('status', 'completed');",
                      "err": {},
                      "uuid": "774d4a52-62d9-44ed-9315-101f653704f0",
                      "parentUUID": "1fabc5d2-f3de-447d-8897-d6db9ba25704",
                      "isHook": false,
                      "skipped": false
                    }
                  ],
                  "suites": [],
                  "passes": [
                    "774d4a52-62d9-44ed-9315-101f653704f0"
                  ],
                  "failures": [],
                  "pending": [],
                  "skipped": [],
                  "duration": 7,
                  "root": false,
                  "rootEmpty": false,
                  "_timeout": 2000
                },
                {
                  "uuid": "e968c1b5-0e60-4de5-bc7e-3296bca435cc",
                  "title": "Deliveries",
                  "fullFile": "/home/laurantine/Documents/development/End of year project /RootedLane/Back-end/backend/test/api.test.js",
                  "file": "/test/api.test.js",
                  "beforeHooks": [],
                  "afterHooks": [],
                  "tests": [
                    {
                      "title": "POST /mock/deliveries should create delivery",
                      "fullTitle": "API Tests (using global fetch) Mock Data Endpoints Deliveries POST /mock/deliveries should create delivery",
                      "timedOut": false,
                      "duration": 5,
                      "state": "passed",
                      "speed": "fast",
                      "pass": true,
                      "fail": false,
                      "pending": false,
                      "context": null,
                      "code": "const deliveryData = {\n  orderId: testOrderId,\n  address: '123 Test St, Test City',\n  status: 'pending',\n  estimatedDelivery: '2024-12-31'\n};\nconst res = await fetch(`${BASE_URL}/mock/deliveries`, {\n  method: 'POST',\n  headers: { 'Content-Type': 'application/json' },\n  body: JSON.stringify(deliveryData),\n});\n\nexpect(res.status).to.equal(201);\nconst body = await res.json();\nexpect(body).to.have.property('id');\nexpect(body).to.have.property('status', 'pending');",
                      "err": {},
                      "uuid": "8e63addb-07a6-406e-ab1f-c4927e5d12bc",
                      "parentUUID": "e968c1b5-0e60-4de5-bc7e-3296bca435cc",
                      "isHook": false,
                      "skipped": false
                    }
                  ],
                  "suites": [],
                  "passes": [
                    "8e63addb-07a6-406e-ab1f-c4927e5d12bc"
                  ],
                  "failures": [],
                  "pending": [],
                  "skipped": [],
                  "duration": 5,
                  "root": false,
                  "rootEmpty": false,
                  "_timeout": 2000
                },
                {
                  "uuid": "b8eee3a8-babf-45f8-9a07-3c3d2edb23b3",
                  "title": "User Locations",
                  "fullFile": "/home/laurantine/Documents/development/End of year project /RootedLane/Back-end/backend/test/api.test.js",
                  "file": "/test/api.test.js",
                  "beforeHooks": [],
                  "afterHooks": [],
                  "tests": [
                    {
                      "title": "POST /mock/userLocations should save user location",
                      "fullTitle": "API Tests (using global fetch) Mock Data Endpoints User Locations POST /mock/userLocations should save user location",
                      "timedOut": false,
                      "duration": 5,
                      "state": "passed",
                      "speed": "fast",
                      "pass": true,
                      "fail": false,
                      "pending": false,
                      "context": null,
                      "code": "const locationData = {\n  userId: 'user123',\n  address: '456 Test Ave',\n  city: 'Test City',\n  country: 'Test Country',\n  isDefault: true\n};\nconst res = await fetch(`${BASE_URL}/mock/userLocations`, {\n  method: 'POST',\n  headers: { 'Content-Type': 'application/json' },\n  body: JSON.stringify(locationData),\n});\n\nexpect(res.status).to.equal(201);\nconst body = await res.json();\nexpect(body).to.have.property('id');\nexpect(body).to.have.property('isDefault', true);",
                      "err": {},
                      "uuid": "0c33733b-19b5-41ff-9447-6e2f93210245",
                      "parentUUID": "b8eee3a8-babf-45f8-9a07-3c3d2edb23b3",
                      "isHook": false,
                      "skipped": false
                    }
                  ],
                  "suites": [],
                  "passes": [
                    "0c33733b-19b5-41ff-9447-6e2f93210245"
                  ],
                  "failures": [],
                  "pending": [],
                  "skipped": [],
                  "duration": 5,
                  "root": false,
                  "rootEmpty": false,
                  "_timeout": 2000
                }
              ],
              "passes": [],
              "failures": [],
              "pending": [],
              "skipped": [],
              "duration": 0,
              "root": false,
              "rootEmpty": false,
              "_timeout": 2000
            },
            {
              "uuid": "250413a6-045c-49b4-9e6a-3d98c48da278",
              "title": "Error Handling",
              "fullFile": "/home/laurantine/Documents/development/End of year project /RootedLane/Back-end/backend/test/api.test.js",
              "file": "/test/api.test.js",
              "beforeHooks": [],
              "afterHooks": [],
              "tests": [
                {
                  "title": "should return 404 for non-existent routes",
                  "fullTitle": "API Tests (using global fetch) Error Handling should return 404 for non-existent routes",
                  "timedOut": false,
                  "duration": 3,
                  "state": "passed",
                  "speed": "fast",
                  "pass": true,
                  "fail": false,
                  "pending": false,
                  "context": null,
                  "code": "const res = await fetch(`${BASE_URL}/nonexistent`);\nexpect(res.status).to.equal(404);",
                  "err": {},
                  "uuid": "297f4cc1-3994-43e5-bc5a-4e5fd8b5864f",
                  "parentUUID": "250413a6-045c-49b4-9e6a-3d98c48da278",
                  "isHook": false,
                  "skipped": false
                },
                {
                  "title": "should return 400 for invalid user data",
                  "fullTitle": "API Tests (using global fetch) Error Handling should return 400 for invalid user data",
                  "timedOut": false,
                  "duration": 4,
                  "state": "passed",
                  "speed": "fast",
                  "pass": true,
                  "fail": false,
                  "pending": false,
                  "context": null,
                  "code": "const res = await fetch(`${BASE_URL}/user`, {\n  method: 'POST',\n  headers: { 'Content-Type': 'application/json' },\n  body: JSON.stringify({}), // Missing required fields\n});\n\nexpect(res.status).to.equal(400);",
                  "err": {},
                  "uuid": "436c92c2-7fb6-45b4-b204-d6d62a7e7cec",
                  "parentUUID": "250413a6-045c-49b4-9e6a-3d98c48da278",
                  "isHook": false,
                  "skipped": false
                },
                {
                  "title": "should return 409 for duplicate email",
                  "fullTitle": "API Tests (using global fetch) Error Handling should return 409 for duplicate email",
                  "timedOut": false,
                  "duration": 680,
                  "state": "passed",
                  "speed": "slow",
                  "pass": true,
                  "fail": false,
                  "pending": false,
                  "context": null,
                  "code": "const duplicateEmail = generateUniqueEmail();\n\n// First request should succeed\nawait fetch(`${BASE_URL}/user`, {\n  method: 'POST',\n  headers: { 'Content-Type': 'application/json' },\n  body: JSON.stringify({ \n    name: 'First User', \n    email: duplicateEmail \n  }),\n});\n// Second request should fail with 409\nconst res = await fetch(`${BASE_URL}/user`, {\n  method: 'POST',\n  headers: { 'Content-Type': 'application/json' },\n  body: JSON.stringify({ \n    name: 'Second User', \n    email: duplicateEmail \n  }),\n});\n\nexpect(res.status).to.equal(409);",
                  "err": {},
                  "uuid": "39340b97-ca9b-4053-a1fd-2cad764e63cf",
                  "parentUUID": "250413a6-045c-49b4-9e6a-3d98c48da278",
                  "isHook": false,
                  "skipped": false
                }
              ],
              "suites": [],
              "passes": [
                "297f4cc1-3994-43e5-bc5a-4e5fd8b5864f",
                "436c92c2-7fb6-45b4-b204-d6d62a7e7cec",
                "39340b97-ca9b-4053-a1fd-2cad764e63cf"
              ],
              "failures": [],
              "pending": [],
              "skipped": [],
              "duration": 687,
              "root": false,
              "rootEmpty": false,
              "_timeout": 2000
            }
          ],
          "passes": [],
          "failures": [],
          "pending": [],
          "skipped": [],
          "duration": 0,
          "root": false,
          "rootEmpty": false,
          "_timeout": 2000
        }
      ],
      "passes": [],
      "failures": [],
      "pending": [],
      "skipped": [],
      "duration": 0,
      "root": true,
      "rootEmpty": true,
      "_timeout": 2000
    }
  ],
  "meta": {
    "mocha": {
      "version": "10.8.2"
    },
    "mochawesome": {
      "options": {
        "quiet": false,
        "reportFilename": "test-report",
        "saveHtml": true,
        "saveJson": true,
        "consoleReporter": "spec",
        "useInlineDiffs": false,
        "code": true
      },
      "version": "7.1.4"
    },
    "marge": {
      "options": {
        "reportDir": "test-results",
        "reportFilename": "test-report",
        "inline": "true"
      },
      "version": "6.3.0"
    }
  }
}